<?xml version="1.0" encoding="UTF-8"?>
<!-- Generated by org.testng.reporters.JUnitXMLReporter -->
<testsuite hostname="CPX-ANXXTNSGFUP" name="Command line test" tests="10" failures="0" timestamp="6 Mar 2019 12:00:08 GMT" time="11.81" errors="0">
  <testcase name="firstChapter" time="1.04" classname="seleniumTest.TestScenario"/>
  <testcase name="firstChapterExercises" time="2.305" classname="seleniumTest.TestScenario"/>
  <testcase name="secondChapter" time="0.479" classname="seleniumTest.TestScenario"/>
  <testcase name="secondChapterExercises" time="0.208" classname="seleniumTest.TestScenario"/>
  <testcase name="thirdChapter" time="0.472" classname="seleniumTest.TestScenario"/>
  <testcase name="thirdChapterExercises" time="0.047" classname="seleniumTest.TestScenario"/>
  <testcase name="fourthChapter" time="0.565" classname="seleniumTest.TestScenario"/>
  <testcase name="fourthChapterExercises" time="0.555" classname="seleniumTest.TestScenario"/>
  <testcase name="fifthChapter" time="0.544" classname="seleniumTest.TestScenario"/>
  <testcase name="fifthChapterExercises" time="0.088" classname="seleniumTest.TestScenario"/>
</testsuite> <!-- Command line test -->
